<?xml version="1.0" encoding="UTF-8"?>
<!-- Generated by org.testng.reporters.JUnitReportReporter -->
<testsuite hostname="DESKTOP-MMOB49H" failures="0" tests="1" name="com.zolocrm.testscript.CampaignModule" time="0.009" errors="0" timestamp="2024-07-11T14:30:57 IST" skipped="0">
  <testcase classname="com.zolocrm.testscript.CampaignModule" name="createCampaign" time="0.009"/>
  <system-out>
    <![CDATA[createCampaign]]>
  </system-out>
</testsuite> <!-- com.zolocrm.testscript.CampaignModule -->
