<?xml version="1.0" encoding="UTF-8"?>
<!-- Generated by org.testng.reporters.JUnitReportReporter -->
<testsuite hostname="DESKTOP-MMOB49H" failures="0" tests="1" name="com.zolocrm.testscript.createleadModule" time="0.020" errors="0" timestamp="2024-07-11T14:30:57 IST" skipped="0">
  <testcase classname="com.zolocrm.testscript.createleadModule" name="lead" time="0.020"/>
  <system-out>
    <![CDATA[hey]]>
  </system-out>
</testsuite> <!-- com.zolocrm.testscript.createleadModule -->
